<?xml version="1.0" encoding="utf-8"?><testsuites name="pytest tests"><testsuite name="pytest" errors="0" failures="0" skipped="2" tests="121" time="22.182" timestamp="2026-09-07T20:17:11.248439-03:00" hostname="pablo-IdeaPad-Gaming-3-15ARH05"><testcase classname="tests.test_ai_engine" name="test_evaluate_fallback_on_malformed_json" time="0.044" /><testcase classname="tests.test_ai_engine" name="test_generate_raises_on_invalid_response" time="0.025" /><testcase classname="tests.test_ai_engine" name="test_generate_raises_on_http_error" time="0.029" /><testcase classname="tests.test_ai_engine" name="test_openrouter_evaluate_parses_valid_response" time="0.025" /><testcase classname="tests.test_ai_engine" name="test_openrouter_evaluate_fallback_on_malformed_content" time="0.026" /><testcase classname="tests.test_ai_engine" name="test_openrouter_evaluate_raises_on_http_error" time="0.027" /><testcase classname="tests.test_ai_engine" name="test_openrouter_generate_parses_valid_response" time="0.024" /><testcase classname="tests.test_ai_engine" name="test_openrouter_generate_raises_on_invalid_response" time="0.025" /><testcase classname="tests.test_ai_engine" name="test_openrouter_generate_raises_on_http_error" time="0.026" /><testcase classname="tests.test_ai_engine" name="test_openrouter_generate_raises_on_timeout" time="0.024" /><testcase classname="tests.test_ai_engine" name="test_openrouter_generate_raises_on_connection_error" time="0.026" /><testcase classname="tests.test_ai_engine" name="test_openrouter_evaluate_raises_on_timeout" time="0.026" /><testcase classname="tests.test_ai_engine" name="test_openrouter_generate_with_context" time="0.024" /><testcase classname="tests.test_api_evaluate" name="test_evaluate_endpoint_returns_200" time="3.950" /><testcase classname="tests.test_api_evaluate" name="test_evaluate_returns_unauthorized_without_token" time="0.042" /><testcase classname="tests.test_api_evaluate" name="test_evaluate_empty_password_rejected" time="0.008" /><testcase classname="tests.test_api_evaluate" name="test_evaluate_cache_hit_skips_ai_and_hibp" time="0.019" /><testcase classname="tests.test_api_evaluate" name="test_evaluate_surfaces_personal_info_detection" time="0.056" /><testcase classname="tests.test_api_generate" name="test_generate_endpoint_returns_200" time="1.515" /><testcase classname="tests.test_api_generate" name="test_generate_returns_unauthorized_without_token" time="0.008" /><testcase classname="tests.test_api_generate" name="test_generate_invalid_length_rejected" time="0.009" /><testcase classname="tests.test_auth_invalid" name="test_endpoint_returns_401_with_invalid_token" time="0.399" /><testcase classname="tests.test_auth_login" name="test_login_returns_token_and_premium_flag" time="0.013" /><testcase classname="tests.test_auth_login" name="test_login_defaults_premium_false_when_missing_metadata" time="0.014" /><testcase classname="tests.test_auth_login" name="test_login_wrong_credentials_returns_401" time="0.008" /><testcase classname="tests.test_auth_login" name="test_login_rejects_missing_fields" time="0.004" /><testcase classname="tests.test_auth_logout" name="test_logout_requires_token" time="0.003" /><testcase classname="tests.test_auth_logout" name="test_logout_signs_out_with_global_scope" time="0.004" /><testcase classname="tests.test_auth_logout" name="test_logout_invalid_token_returns_401" time="0.004" /><testcase classname="tests.test_auth_register" name="test_register_rejects_invalid_email_format" time="0.005" /><testcase classname="tests.test_auth_register" name="test_register_sets_plan_gratuito_and_returns_token" time="0.004" /><testcase classname="tests.test_auth_register" name="test_register_duplicate_email_via_empty_identities" time="0.004" /><testcase classname="tests.test_auth_register" name="test_register_duplicate_email_via_exception" time="0.004" /><testcase classname="tests.test_cache" name="test_set_get_roundtrip" time="0.001" /><testcase classname="tests.test_cache" name="test_get_missing_returns_none" time="0.001" /><testcase classname="tests.test_cache" name="test_get_expired_returns_none" time="0.081" /><testcase classname="tests.test_cache" name="test_set_drops_oldest_when_full" time="0.001" /><testcase classname="tests.test_cache" name="test_set_replaces_existing_key_without_eviction" time="0.001" /><testcase classname="tests.test_cache" name="test_get_purges_expired_entry" time="0.082" /><testcase classname="tests.test_cache" name="test_clear_empties" time="0.001" /><testcase classname="tests.test_cache" name="test_clear_caches_global" time="0.001" /><testcase classname="tests.test_dashboard" name="test_members_endpoint_requires_admin" time="0.007" /><testcase classname="tests.test_dashboard" name="test_revoke_rejects_external_credential" time="0.014" /><testcase classname="tests.test_dashboard" name="test_suggest_rejects_internal_credential" time="0.012" /><testcase classname="tests.test_dashboard" name="test_revoke_rejects_own_admin_account" time="0.006" /><testcase classname="tests.test_dashboard" name="test_revoke_rejects_short_password" time="0.006" /><testcase classname="tests.test_dashboard" name="test_revoke_internal_applies_password_and_bans" time="0.007" /><testcase classname="tests.test_dashboard" name="test_suggest_external_does_not_call_admin_api" time="0.006" /><testcase classname="tests.test_dashboard" name="test_restore_rejects_already_active" time="0.006" /><testcase classname="tests.test_dashboard" name="test_restore_internal_unbans_and_sets_activa" time="0.007" /><testcase classname="tests.test_dashboard" name="test_restore_external_sets_activa_without_admin_call" time="0.006" /><testcase classname="tests.test_dashboard" name="test_audit_log_endpoint_returns_entries" time="0.005" /><testcase classname="tests.test_dashboard" name="test_revoke_internal_generates_password_server_side" time="0.006" /><testcase classname="tests.test_dashboard" name="test_suggest_external_generates_but_does_not_persist_password" time="0.006" /><testcase classname="tests.test_dashboard" name="test_revoke_rejects_already_revoked" time="0.006" /><testcase classname="tests.test_dashboard" name="test_suggest_rejects_already_pending" time="0.007" /><testcase classname="tests.test_e2e_extension" name="test_extension_popup_loads_and_reaches_backend" time="0.001"><skipped type="pytest.skip" message="E2E manual — requiere selenium + navegador + extensión. Run with SPARKGATE_RUN_E2E=1">/media/pablo/hdd-linux/Proyectos-Personales/sparkgate-api/tests/test_e2e_extension.py:73: E2E manual — requiere selenium + navegador + extensión. Run with SPARKGATE_RUN_E2E=1</skipped></testcase><testcase classname="tests.test_e2e_extension" name="test_generate_password_flow_end_to_end" time="0.000"><skipped type="pytest.skip" message="E2E manual — requiere selenium + navegador + extensión. Run with SPARKGATE_RUN_E2E=1">/media/pablo/hdd-linux/Proyectos-Personales/sparkgate-api/tests/test_e2e_extension.py:88: E2E manual — requiere selenium + navegador + extensión. Run with SPARKGATE_RUN_E2E=1</skipped></testcase><testcase classname="tests.test_entropy.TestEntropy" name="test_lowercase_only" time="0.001" /><testcase classname="tests.test_entropy.TestEntropy" name="test_mixed_case" time="0.001" /><testcase classname="tests.test_entropy.TestEntropy" name="test_full_complexity" time="0.001" /><testcase classname="tests.test_entropy.TestEntropy" name="test_60_bit_threshold" time="0.001" /><testcase classname="tests.test_entropy.TestEntropy" name="test_empty_string" time="0.001" /><testcase classname="tests.test_exceptions.TestExceptions" name="test_service_unavailable_default" time="0.001" /><testcase classname="tests.test_exceptions.TestExceptions" name="test_service_unavailable_custom" time="0.001" /><testcase classname="tests.test_exceptions.TestExceptions" name="test_hibp_error_default" time="0.001" /><testcase classname="tests.test_exceptions.TestExceptions" name="test_hibp_error_custom" time="0.001" /><testcase classname="tests.test_exceptions.TestExceptions" name="test_ai_error_default" time="0.001" /><testcase classname="tests.test_exceptions.TestExceptions" name="test_ai_error_custom" time="0.001" /><testcase classname="tests.test_exceptions.TestExceptions" name="test_service_unavailable_handler_returns_json" time="0.002" /><testcase classname="tests.test_exceptions.TestExceptions" name="test_hibp_handler_returns_json" time="0.002" /><testcase classname="tests.test_exceptions.TestExceptions" name="test_ai_handler_returns_json" time="0.002" /><testcase classname="tests.test_fault_tolerance" name="test_evaluate_returns_partial_when_hibp_down" time="0.048" /><testcase classname="tests.test_fault_tolerance" name="test_health_degraded_when_services_down" time="0.032" /><testcase classname="tests.test_fault_tolerance" name="test_evaluate_ai_fails_returns_502" time="0.046" /><testcase classname="tests.test_generator" name="test_generated_password_entropy[CaballoAzul#72]" time="0.001" /><testcase classname="tests.test_generator" name="test_generated_password_entropy[MariposaRoja!5]" time="0.001" /><testcase classname="tests.test_generator" name="test_generated_password_entropy[SolNaciente*88]" time="0.001" /><testcase classname="tests.test_generator" name="test_generated_password_entropy[Monta\xf1aVerde_21]" time="0.001" /><testcase classname="tests.test_generator" name="test_generated_password_entropy[RioProfundo?33]" time="0.001" /><testcase classname="tests.test_generator" name="test_generated_password_entropy[LunaPlateada#99]" time="0.001" /><testcase classname="tests.test_generator" name="test_generated_password_entropy[VientoFuerte!77]" time="0.001" /><testcase classname="tests.test_generator" name="test_generated_password_entropy[FuegoAzul*44]" time="0.001" /><testcase classname="tests.test_generator" name="test_generated_password_entropy[TierraFertil#66]" time="0.004" /><testcase classname="tests.test_generator" name="test_generated_password_entropy[MarTranquilo_11]" time="0.001" /><testcase classname="tests.test_health" name="test_health_endpoint" time="0.031" /><testcase classname="tests.test_hibp_client.TestHIBPClient" name="test_sha1_prefix_only_sent" time="0.001" /><testcase classname="tests.test_hibp_client.TestHIBPClient" name="test_different_passwords_different_prefixes" time="0.001" /><testcase classname="tests.test_hibp_client.TestHIBPClient" name="test_prefix_hex_format" time="0.001" /><testcase classname="tests.test_hibp_client.TestHIBPClient" name="test_k_anonymity_no_full_hash_sent" time="0.001" /><testcase classname="tests.test_hibp_client" name="test_check_password_returns_not_found" time="0.025" /><testcase classname="tests.test_hibp_client" name="test_check_password_returns_compromised" time="0.024" /><testcase classname="tests.test_passwords_advanced" name="test_generate_random_returns_correct_length" time="0.012" /><testcase classname="tests.test_passwords_advanced" name="test_generate_random_always_meets_threshold" time="0.005" /><testcase classname="tests.test_passwords_advanced" name="test_evaluate_with_context" time="3.247" /><testcase classname="tests.test_passwords_advanced" name="test_generate_random_excludes_lowercase" time="0.009" /><testcase classname="tests.test_passwords_advanced" name="test_generate_random_excludes_uppercase" time="0.009" /><testcase classname="tests.test_passwords_advanced" name="test_generate_random_excludes_digits" time="0.009" /><testcase classname="tests.test_passwords_advanced" name="test_generate_random_excludes_symbols" time="0.009" /><testcase classname="tests.test_passwords_advanced" name="test_generate_ai_default_mode" time="1.765" /><testcase classname="tests.test_passwords_advanced" name="test_generate_ai_with_style_passphrase" time="1.670" /><testcase classname="tests.test_passwords_advanced" name="test_generate_ai_with_style_pattern" time="1.493" /><testcase classname="tests.test_passwords_advanced" name="test_generate_ai_with_theme" time="1.519" /><testcase classname="tests.test_passwords_advanced" name="test_generate_ai_with_personal_words" time="1.567" /><testcase classname="tests.test_passwords_advanced" name="test_generate_ai_with_all_params" time="1.671" /><testcase classname="tests.test_passwords_advanced" name="test_generate_invalid_style_rejected" time="0.005" /><testcase classname="tests.test_passwords_advanced" name="test_generate_invalid_word_count_rejected" time="0.009" /><testcase classname="tests.test_passwords_advanced" name="test_generate_ai_retry_exhaustion_returns_502" time="0.081" /><testcase classname="tests.test_random_generator.TestRandomGenerator" name="test_default_length" time="0.001" /><testcase classname="tests.test_random_generator.TestRandomGenerator" name="test_custom_length" time="0.001" /><testcase classname="tests.test_random_generator.TestRandomGenerator" name="test_min_length" time="0.001" /><testcase classname="tests.test_random_generator.TestRandomGenerator" name="test_max_length" time="0.001" /><testcase classname="tests.test_random_generator.TestRandomGenerator" name="test_all_charsets_included" time="0.001" /><testcase classname="tests.test_random_generator.TestRandomGenerator" name="test_no_lowercase" time="0.001" /><testcase classname="tests.test_random_generator.TestRandomGenerator" name="test_no_uppercase" time="0.001" /><testcase classname="tests.test_random_generator.TestRandomGenerator" name="test_no_digits" time="0.001" /><testcase classname="tests.test_random_generator.TestRandomGenerator" name="test_no_symbols" time="0.001" /><testcase classname="tests.test_random_generator.TestRandomGenerator" name="test_too_short_raises" time="0.002" /><testcase classname="tests.test_random_generator.TestRandomGenerator" name="test_too_long_raises" time="0.001" /><testcase classname="tests.test_random_generator.TestRandomGenerator" name="test_no_charset_raises" time="0.002" /><testcase classname="tests.test_random_generator.TestRandomGenerator" name="test_passwords_unique" time="0.011" /></testsuite></testsuites>